<?xml version="1.0" encoding="UTF-8"?>
<!-- Generated by org.testng.reporters.JUnitReportReporter -->
<testsuite hostname="LAPTOP-ASB0HT8O" failures="0" tests="2" name="test.bellMountainTest" time="154.712" errors="0" timestamp="2021-05-28T16:20:24 ICT" skipped="0">
  <testcase classname="test.bellMountainTest" name="testViewPortAndChangeScene" time="94.463"/>
  <system-out/>
  <testcase classname="test.bellMountainTest" name="testCircleRoute" time="60.249"/>
  <system-out/>
</testsuite> <!-- test.bellMountainTest -->
