<?xml version="1.0" encoding="UTF-8"?>
<!-- Generated by org.testng.reporters.JUnitReportReporter -->
<testsuite hostname="LAPTOP-ASB0HT8O" failures="0" tests="1" name="test.bellMountainTest" time="66.936" errors="0" timestamp="2021-05-28T14:59:44 ICT" skipped="0">
  <testcase classname="test.bellMountainTest" name="bellTest" time="66.936"/>
  <system-out/>
</testsuite> <!-- test.bellMountainTest -->
